Setting up watches.  Beware: since -r was given, this may take a while!
Couldn't watch ~: No such file or directory
On branch master
Your branch is ahead of 'origin/master' by 1 commit.
  (use "git push" to publish your local commits)

nothing to commit, working tree clean
remote: Resolving deltas:   0% (0/1)        remote: Resolving deltas: 100% (1/1)        remote: Resolving deltas: 100% (1/1), completed with 1 local object.        
To github.com:HaydenCQU/dokuwiki.git
   466ada6..8a82003  master -> master
[master 8a82003] Automatic commit
 4 files changed, 24 insertions(+)
 create mode 100755 .htaccess
 create mode 100755 autoCommit.sh
 create mode 100644 help.md
 create mode 100644 nohup.out
Everything up-to-date
Setting up watches.  Beware: since -r was given, this may take a while!
Couldn't watch ~: No such file or directory
On branch master
Your branch is ahead of 'origin/master' by 1 commit.
  (use "git push" to publish your local commits)

nothing to commit, working tree clean
remote: Resolving deltas:   0% (0/1)        remote: Resolving deltas: 100% (1/1)        remote: Resolving deltas: 100% (1/1), completed with 1 local object.        
To github.com:HaydenCQU/dokuwiki.git
   8a82003..9458516  master -> master
[master 9458516] Automatic commit
 1 file changed, 25 insertions(+)
Everything up-to-date
Setting up watches.  Beware: since -r was given, this may take a while!
Couldn't watch ~: No such file or directory
On branch master
Your branch is ahead of 'origin/master' by 1 commit.
  (use "git push" to publish your local commits)

nothing to commit, working tree clean
remote: Resolving deltas:   0% (0/2)        remote: Resolving deltas:  50% (1/2)        remote: Resolving deltas: 100% (2/2)        remote: Resolving deltas: 100% (2/2), completed with 2 local objects.        
To github.com:HaydenCQU/dokuwiki.git
   9458516..4402f66  master -> master
[master 4402f66] Automatic commit
 1 file changed, 21 insertions(+)
Everything up-to-date
Setting up watches.  Beware: since -r was given, this may take a while!
Couldn't watch ~: No such file or directory
On branch master
Your branch is ahead of 'origin/master' by 1 commit.
  (use "git push" to publish your local commits)

nothing to commit, working tree clean
remote: Resolving deltas:   0% (0/2)        remote: Resolving deltas:  50% (1/2)        remote: Resolving deltas: 100% (2/2)        remote: Resolving deltas: 100% (2/2), completed with 2 local objects.        
To github.com:HaydenCQU/dokuwiki.git
   4402f66..287ef83  master -> master
[master 287ef83] Automatic commit
 1 file changed, 21 insertions(+)
Everything up-to-date
Setting up watches.  Beware: since -r was given, this may take a while!
Couldn't watch ~: No such file or directory
On branch master
Your branch is ahead of 'origin/master' by 1 commit.
  (use "git push" to publish your local commits)

nothing to commit, working tree clean
remote: Resolving deltas:   0% (0/2)        remote: Resolving deltas:  50% (1/2)        remote: Resolving deltas: 100% (2/2)        remote: Resolving deltas: 100% (2/2), completed with 2 local objects.        
To github.com:HaydenCQU/dokuwiki.git
   287ef83..dc01822  master -> master
[master dc01822] Automatic commit
 1 file changed, 21 insertions(+)
Everything up-to-date
Setting up watches.  Beware: since -r was given, this may take a while!
Couldn't watch ~: No such file or directory
On branch master
Your branch is ahead of 'origin/master' by 1 commit.
  (use "git push" to publish your local commits)

nothing to commit, working tree clean
remote: Resolving deltas:   0% (0/2)        remote: Resolving deltas:  50% (1/2)        remote: Resolving deltas: 100% (2/2)        remote: Resolving deltas: 100% (2/2), completed with 2 local objects.        
To github.com:HaydenCQU/dokuwiki.git
   dc01822..590482b  master -> master
[master 590482b] Automatic commit
 1 file changed, 21 insertions(+)
Everything up-to-date
Setting up watches.  Beware: since -r was given, this may take a while!
Couldn't watch ~: No such file or directory
On branch master
Your branch is ahead of 'origin/master' by 1 commit.
  (use "git push" to publish your local commits)

nothing to commit, working tree clean
remote: Resolving deltas:   0% (0/2)        remote: Resolving deltas:  50% (1/2)        remote: Resolving deltas: 100% (2/2)        remote: Resolving deltas: 100% (2/2), completed with 2 local objects.        
To github.com:HaydenCQU/dokuwiki.git
   590482b..8fab930  master -> master
[master 8fab930] Automatic commit
 1 file changed, 21 insertions(+)
Everything up-to-date
Setting up watches.  Beware: since -r was given, this may take a while!
Couldn't watch ~: No such file or directory
